Using pre-set license
Built from '2022.3/release' branch; Version is '2022.3.61f1 (6c53ebaf375d) revision 7099371'; Using compiler version '192829333'; Build Type 'Release'
OS: 'Windows 11  (10.0.26100) 64bit Core' Language: 'en' Physical Memory: 16103 MB
BatchMode: 1, IsHumanControllingUs: 0, StartBugReporterOnCrash: 0, Is64bit: 1, IsPro: 1

COMMAND LINE ARGUMENTS:
D:\Unity Hub\Editor and Learn\installs\2022.3.61f1\Editor\Unity.exe
-adb2
-batchMode
-noUpm
-name
AssetImportWorker5
-projectPath
D:/GitHub Desktop/BattleShips
-logFile
Logs/AssetImportWorker5.log
-srvPort
51453
Successfully changed project path to: D:/GitHub Desktop/BattleShips
D:/GitHub Desktop/BattleShips
[UnityMemory] Configuration Parameters - Can be set up in boot.config
    "memorysetup-bucket-allocator-granularity=16"
    "memorysetup-bucket-allocator-bucket-count=8"
    "memorysetup-bucket-allocator-block-size=33554432"
    "memorysetup-bucket-allocator-block-count=8"
    "memorysetup-main-allocator-block-size=16777216"
    "memorysetup-thread-allocator-block-size=16777216"
    "memorysetup-gfx-main-allocator-block-size=16777216"
    "memorysetup-gfx-thread-allocator-block-size=16777216"
    "memorysetup-cache-allocator-block-size=4194304"
    "memorysetup-typetree-allocator-block-size=2097152"
    "memorysetup-profiler-bucket-allocator-granularity=16"
    "memorysetup-profiler-bucket-allocator-bucket-count=8"
    "memorysetup-profiler-bucket-allocator-block-size=33554432"
    "memorysetup-profiler-bucket-allocator-block-count=8"
    "memorysetup-profiler-allocator-block-size=16777216"
    "memorysetup-profiler-editor-allocator-block-size=1048576"
    "memorysetup-temp-allocator-size-main=16777216"
    "memorysetup-job-temp-allocator-block-size=2097152"
    "memorysetup-job-temp-allocator-block-size-background=1048576"
    "memorysetup-job-temp-allocator-reduction-small-platforms=262144"
    "memorysetup-allocator-temp-initial-block-size-main=262144"
    "memorysetup-allocator-temp-initial-block-size-worker=262144"
    "memorysetup-temp-allocator-size-background-worker=32768"
    "memorysetup-temp-allocator-size-job-worker=262144"
    "memorysetup-temp-allocator-size-preload-manager=33554432"
    "memorysetup-temp-allocator-size-nav-mesh-worker=65536"
    "memorysetup-temp-allocator-size-audio-worker=65536"
    "memorysetup-temp-allocator-size-cloud-worker=32768"
    "memorysetup-temp-allocator-size-gi-baking-worker=262144"
    "memorysetup-temp-allocator-size-gfx=262144"
Player connection [27564]  Target information:

Player connection [27564]  * "[IP] 192.168.154.1 [Port] 0 [Flags] 2 [Guid] 56121757 [EditorId] 56121757 [Version] 1048832 [Id] WindowsEditor(7,Sonn) [Debug] 1 [PackageName] WindowsEditor [ProjectName] Editor" 

Player connection [27564]  * "[IP] 192.168.239.1 [Port] 0 [Flags] 2 [Guid] 56121757 [EditorId] 56121757 [Version] 1048832 [Id] WindowsEditor(7,Sonn) [Debug] 1 [PackageName] WindowsEditor [ProjectName] Editor" 

Player connection [27564]  * "[IP] 192.168.0.102 [Port] 0 [Flags] 2 [Guid] 56121757 [EditorId] 56121757 [Version] 1048832 [Id] WindowsEditor(7,Sonn) [Debug] 1 [PackageName] WindowsEditor [ProjectName] Editor" 

Player connection [27564] Host joined multi-casting on [225.0.0.222:54997]...
Player connection [27564] Host joined alternative multi-casting on [225.0.0.222:34997]...
Input System module state changed to: Initialized.
[PhysX] Initialized MultithreadedTaskDispatcher with 20 workers.
Refreshing native plugins compatible for Editor in 10.30 ms, found 4 plugins.
Preloading 0 native plugins for Editor in 0.00 ms.
Initialize engine version: 2022.3.61f1 (6c53ebaf375d)
[Subsystems] Discovering subsystems at path D:/Unity Hub/Editor and Learn/installs/2022.3.61f1/Editor/Data/Resources/UnitySubsystems
[Subsystems] Discovering subsystems at path D:/GitHub Desktop/BattleShips/Assets
GfxDevice: creating device client; threaded=0; jobified=0
Direct3D:
    Version:  Direct3D 11.0 [level 11.1]
    Renderer: NVIDIA GeForce RTX 4050 Laptop GPU (ID=0x28e1)
    Vendor:   NVIDIA
    VRAM:     5936 MB
    Driver:   31.0.15.4618
Initialize mono
Mono path[0] = 'D:/Unity Hub/Editor and Learn/installs/2022.3.61f1/Editor/Data/Managed'
Mono path[1] = 'D:/Unity Hub/Editor and Learn/installs/2022.3.61f1/Editor/Data/MonoBleedingEdge/lib/mono/unityjit-win32'
Mono config path = 'D:/Unity Hub/Editor and Learn/installs/2022.3.61f1/Editor/Data/MonoBleedingEdge/etc'
Using monoOptions --debugger-agent=transport=dt_socket,embedding=1,server=y,suspend=n,address=127.0.0.1:56560
Begin MonoManager ReloadAssembly
Registering precompiled unity dll's ...
Register platform support module: D:/Unity Hub/Editor and Learn/installs/2022.3.61f1/Editor/Data/PlaybackEngines/AndroidPlayer/UnityEditor.Android.Extensions.dll
Register platform support module: D:/Unity Hub/Editor and Learn/installs/2022.3.61f1/Editor/Data/PlaybackEngines/WindowsStandaloneSupport/UnityEditor.WindowsStandalone.Extensions.dll
Register platform support module: D:/Unity Hub/Editor and Learn/installs/2022.3.61f1/Editor/Data/PlaybackEngines/MetroSupport/UnityEditor.UWP.Extensions.dll
Registered in 0.005287 seconds.
- Loaded All Assemblies, in  0.312 seconds
Native extension for UWP target not found
Native extension for WindowsStandalone target not found
Native extension for Android target not found
Android Extension - Scanning For ADB Devices 312 ms
Mono: successfully reloaded assembly
- Finished resetting the current domain, in  0.587 seconds
Domain Reload Profiling: 899ms
	BeginReloadAssembly (99ms)
		ExecutionOrderSort (0ms)
		DisableScriptedObjects (0ms)
		BackupInstance (0ms)
		ReleaseScriptingObjects (0ms)
		CreateAndSetChildDomain (1ms)
	RebuildCommonClasses (27ms)
	RebuildNativeTypeToScriptingClass (8ms)
	initialDomainReloadingComplete (48ms)
	LoadAllAssembliesAndSetupDomain (130ms)
		LoadAssemblies (99ms)
		RebuildTransferFunctionScriptingTraits (0ms)
		AnalyzeDomain (127ms)
			TypeCache.Refresh (126ms)
				TypeCache.ScanAssembly (112ms)
			ScanForSourceGeneratedMonoScriptInfo (0ms)
			ResolveRequiredComponents (1ms)
	FinalizeReload (587ms)
		ReleaseScriptCaches (0ms)
		RebuildScriptCaches (0ms)
		SetupLoadedEditorAssemblies (540ms)
			LogAssemblyErrors (0ms)
			InitializePlatformSupportModulesInManaged (386ms)
			SetLoadedEditorAssemblies (4ms)
			RefreshPlugins (0ms)
			BeforeProcessingInitializeOnLoad (2ms)
			ProcessInitializeOnLoadAttributes (108ms)
			ProcessInitializeOnLoadMethodAttributes (39ms)
			AfterProcessingInitializeOnLoad (0ms)
			EditorAssembliesLoaded (0ms)
		ExecutionOrderSort2 (0ms)
		AwakeInstancesAfterBackupRestoration (0ms)
========================================================================
Worker process is ready to serve import requests
Caller must complete domain reload
Begin MonoManager ReloadAssembly
- Loaded All Assemblies, in  0.676 seconds
Native extension for UWP target not found
Native extension for WindowsStandalone target not found
Native extension for Android target not found
Mono: successfully reloaded assembly
- Finished resetting the current domain, in  1.099 seconds
Domain Reload Profiling: 1774ms
	BeginReloadAssembly (119ms)
		ExecutionOrderSort (0ms)
		DisableScriptedObjects (5ms)
		BackupInstance (0ms)
		ReleaseScriptingObjects (0ms)
		CreateAndSetChildDomain (17ms)
	RebuildCommonClasses (29ms)
	RebuildNativeTypeToScriptingClass (8ms)
	initialDomainReloadingComplete (31ms)
	LoadAllAssembliesAndSetupDomain (487ms)
		LoadAssemblies (317ms)
		RebuildTransferFunctionScriptingTraits (0ms)
		AnalyzeDomain (240ms)
			TypeCache.Refresh (205ms)
				TypeCache.ScanAssembly (187ms)
			ScanForSourceGeneratedMonoScriptInfo (25ms)
			ResolveRequiredComponents (6ms)
	FinalizeReload (1099ms)
		ReleaseScriptCaches (0ms)
		RebuildScriptCaches (0ms)
		SetupLoadedEditorAssemblies (906ms)
			LogAssemblyErrors (0ms)
			InitializePlatformSupportModulesInManaged (20ms)
			SetLoadedEditorAssemblies (6ms)
			RefreshPlugins (0ms)
			BeforeProcessingInitializeOnLoad (96ms)
			ProcessInitializeOnLoadAttributes (738ms)
			ProcessInitializeOnLoadMethodAttributes (43ms)
			AfterProcessingInitializeOnLoad (2ms)
			EditorAssembliesLoaded (0ms)
		ExecutionOrderSort2 (0ms)
		AwakeInstancesAfterBackupRestoration (5ms)
Launched and connected shader compiler UnityShaderCompiler.exe after 0.06 seconds
Refreshing native plugins compatible for Editor in 2.56 ms, found 4 plugins.
Preloading 0 native plugins for Editor in 0.00 ms.
Unloading 3997 Unused Serialized files (Serialized files now loaded: 0)
Unloading 38 unused Assets / (241.9 KB). Loaded Objects now: 4463.
Memory consumption went from 144.3 MB to 144.0 MB.
Total: 6.153900 ms (FindLiveObjects: 0.371400 ms CreateObjectMapping: 0.324700 ms MarkObjects: 5.193700 ms  DeleteObjects: 0.262600 ms)

AssetImportParameters requested are different than current active one (requested -> active):
  custom:container-demuxer-ogg: 62fdf1f143b41e24485cea50d1cbac27 -> 
  custom:video-decoder-ogg-theora: a1e56fd34408186e4bbccfd4996cb3dc -> 
  custom:framework-win-MediaFoundation: 216162199b28c13a410421893ffa2e32 -> 
  custom:CustomObjectIndexerAttribute: 9a22284fe3817be447336de3de66b15e -> 
  custom:container-demuxer-webm: 4f35f7cbe854078d1ac9338744f61a02 -> 
  custom:container-muxer-webm: aa71ff27fc2769a1b78a27578f13a17b -> 
  custom:video-decoder-webm-vp8: 9c59270c3fd7afecdb556c50c9e8de78 -> 
  custom:SearchIndexIgnoredProperties: e643bd26f0fe6173181afceb89e7c659 -> 
  custom:AudioImporter_EditorPlatform: d09bf68614088b80899f8185d706f6e7 -> 
  custom:video-encoder-webm-vp8: eb34c28f22e8b96e1ab97ce403110664 -> 
  custom:audio-decoder-ogg-vorbis: bf7c407c2cedff20999df2af8eb42d56 -> 
  custom:audio-encoder-webm-vorbis: bf7c407c2cedff20999df2af8eb42d56 -> 
========================================================================
Received Prepare
Caller must complete domain reload
Begin MonoManager ReloadAssembly
- Loaded All Assemblies, in  0.684 seconds
Native extension for UWP target not found
Native extension for WindowsStandalone target not found
Native extension for Android target not found
Mono: successfully reloaded assembly
- Finished resetting the current domain, in  0.874 seconds
Domain Reload Profiling: 1559ms
	BeginReloadAssembly (376ms)
		ExecutionOrderSort (0ms)
		DisableScriptedObjects (241ms)
		BackupInstance (0ms)
		ReleaseScriptingObjects (0ms)
		CreateAndSetChildDomain (37ms)
	RebuildCommonClasses (34ms)
	RebuildNativeTypeToScriptingClass (10ms)
	initialDomainReloadingComplete (31ms)
	LoadAllAssembliesAndSetupDomain (234ms)
		LoadAssemblies (280ms)
		RebuildTransferFunctionScriptingTraits (0ms)
		AnalyzeDomain (27ms)
			TypeCache.Refresh (10ms)
				TypeCache.ScanAssembly (1ms)
			ScanForSourceGeneratedMonoScriptInfo (9ms)
			ResolveRequiredComponents (6ms)
	FinalizeReload (874ms)
		ReleaseScriptCaches (0ms)
		RebuildScriptCaches (0ms)
		SetupLoadedEditorAssemblies (706ms)
			LogAssemblyErrors (0ms)
			InitializePlatformSupportModulesInManaged (17ms)
			SetLoadedEditorAssemblies (4ms)
			RefreshPlugins (0ms)
			BeforeProcessingInitializeOnLoad (111ms)
			ProcessInitializeOnLoadAttributes (538ms)
			ProcessInitializeOnLoadMethodAttributes (34ms)
			AfterProcessingInitializeOnLoad (2ms)
			EditorAssembliesLoaded (0ms)
		ExecutionOrderSort2 (0ms)
		AwakeInstancesAfterBackupRestoration (11ms)
Refreshing native plugins compatible for Editor in 3.38 ms, found 4 plugins.
Preloading 0 native plugins for Editor in 0.00 ms.
Unloading 4013 Unused Serialized files (Serialized files now loaded: 0)
Unloading 25 unused Assets / (214.0 KB). Loaded Objects now: 4502.
Memory consumption went from 141.1 MB to 140.9 MB.
Total: 4.956200 ms (FindLiveObjects: 0.369500 ms CreateObjectMapping: 0.294300 ms MarkObjects: 4.034800 ms  DeleteObjects: 0.255900 ms)

Prepare: number of updated asset objects reloaded= 0
AssetImportParameters requested are different than current active one (requested -> active):
  custom:scripting/monoscript/fileName/SkewTextExample.cs: c142d02d70a129e0533975f7c2f96956 -> 
  custom:container-demuxer-ogg: 62fdf1f143b41e24485cea50d1cbac27 -> 
  custom:scripting/monoscript/fileName/TMP_TextEventHandler.cs: f5cd9d5a43bfefc8f4fec80e6de896a4 -> 
  custom:scripting/monoscript/fileName/TextMeshProFloatingText.cs: 92608fa4a6315cd0786d82205e77b697 -> 
  custom:scripting/monoscript/fileName/VertexZoom.cs: 650ab1e81d40126e3edcf737cce646e4 -> 
  custom:scripting/monoscript/fileName/VertexShakeA.cs: 63ec564c588058369499638dd899e05b -> 
  custom:scripting/monoscript/fileName/TMP_ExampleScript_01.cs: a9d4be556104ff54e7d240529b3e01dc -> 
  custom:video-decoder-ogg-theora: a1e56fd34408186e4bbccfd4996cb3dc -> 
  custom:scripting/monoscript/fileName/TMP_TextEventCheck.cs: 13505d917eab5868c435e0c2986dadfa -> 
  custom:scripting/monoscript/fileName/TMP_TextSelector_B.cs: ba2be21a7486d37b1011342977a2e49d -> 
  custom:scripting/monoscript/fileName/Benchmark01.cs: 2d3e2cd961730ab95f139a49a673bace -> 
  custom:framework-win-MediaFoundation: 216162199b28c13a410421893ffa2e32 -> 
  custom:scripting/monoscript/fileName/Benchmark02.cs: 5640963252ce70910e726415f869ced6 -> 
  custom:scripting/monoscript/fileName/DropdownSample.cs: 0a92251794e5f10400149f96c3c59e5d -> 
  custom:scripting/monoscript/fileName/WarpTextExample.cs: 2663459c266363641981c7d17b698d7f -> 
  custom:CustomObjectIndexerAttribute: 9a22284fe3817be447336de3de66b15e -> 
  custom:container-demuxer-webm: 4f35f7cbe854078d1ac9338744f61a02 -> 
  custom:scripting/monoscript/fileName/ChatController.cs: 876d5ccae6e345dd5d9450eb0a748f16 -> 
  custom:scripting/monoscript/fileName/TextMeshSpawner.cs: 76f28e2ddb031571e6ec62b018f65fa8 -> 
  custom:scripting/monoscript/fileName/TeleType.cs: 31fa97821c4c70f157ec81d507aa6b62 -> 
  custom:scripting/monoscript/fileName/Benchmark04.cs: 32220b148620e52aa81c13a114862bf4 -> 
  custom:container-muxer-webm: aa71ff27fc2769a1b78a27578f13a17b -> 
  custom:video-decoder-webm-vp8: 9c59270c3fd7afecdb556c50c9e8de78 -> 
  custom:scripting/monoscript/fileName/TMP_PhoneNumberValidator.cs: 7c3049f481e464c6a9a15dee56c3126f -> 
  custom:SearchIndexIgnoredProperties: e643bd26f0fe6173181afceb89e7c659 -> 
  custom:AudioImporter_EditorPlatform: d09bf68614088b80899f8185d706f6e7 -> 
  custom:scripting/monoscript/fileName/EnvMapAnimator.cs: 1b4f61c17e4b7283c3ac351aacff9d26 -> 
  custom:scripting/monoscript/fileName/ShaderPropAnimator.cs: 55ce425812446482e623ff2695c94cb2 -> 
  custom:scripting/monoscript/fileName/SimpleScript.cs: 454caab0c6c050f29b39d82e1d66d0fa -> 
  custom:scripting/monoscript/fileName/ObjectSpin.cs: 2b96bb2079dd7fa5108d981627a28e1e -> 
  custom:scripting/monoscript/fileName/CameraController.cs: 34b6be4e23ce86dc89786916c5983296 -> 
  custom:scripting/monoscript/fileName/TMP_TextInfoDebugTool.cs: 3f1709cfb2cc628169113a35b5e9be3f -> 
  custom:scripting/monoscript/fileName/TMP_TextSelector_A.cs: 347309a09d56e367b188a6978f75b424 -> 
  custom:video-encoder-webm-vp8: eb34c28f22e8b96e1ab97ce403110664 -> 
  custom:audio-decoder-ogg-vorbis: bf7c407c2cedff20999df2af8eb42d56 -> 
  custom:scripting/monoscript/fileName/VertexJitter.cs: d27eb5498e48714a66aece98da065133 -> 
  custom:scripting/monoscript/fileName/TextConsoleSimulator.cs: 33fc311abb20b5b0ed8f00e4d86b574e -> 
  custom:scripting/monoscript/fileName/VertexColorCycler.cs: 5f984ca91cf3609293aecc6bc5641572 -> 
  custom:scripting/monoscript/fileName/TMP_FrameRateCounter.cs: 46f655df8cb483ac5958307137b1585a -> 
  custom:scripting/monoscript/fileName/VertexShakeB.cs: a6f78c4fcda1a29a1a1c1baefedba9e7 -> 
  custom:scripting/monoscript/fileName/TMP_UiFrameRateCounter.cs: b01021aea19247f14a98ab338907956a -> 
  custom:scripting/monoscript/fileName/TMPro_InstructionOverlay.cs: b626d2270e6ebd5c4311585c18b58d8d -> 
  custom:scripting/monoscript/fileName/TMP_DigitValidator.cs: ac02af96215ae3951a3cce9e1a8c6085 -> 
  custom:audio-encoder-webm-vorbis: bf7c407c2cedff20999df2af8eb42d56 -> 
  custom:scripting/monoscript/fileName/Benchmark01_UGUI.cs: 6148cfe2627b7708298f301788144139 -> 
  custom:scripting/precompiled-assembly-types:Assembly-CSharp: fc915b8c64163b6761e5351aa2c02497 -> 
  custom:scripting/monoscript/fileName/Benchmark03.cs: 17cc87e0529ac71d909a946afb47a274 -> 
========================================================================
Received Import Request.
  Time since last request: 3004.328817 seconds.
  path: Assets/TextMesh Pro/Examples & Extras/Resources/Fonts & Materials/Oswald Bold SDF.asset
  artifactKey: Guid(0161d805a3764c089bef00bfe00793f5) Importer(815301076,1909f56bfc062723c751e8b465ee728b)
Start importing Assets/TextMesh Pro/Examples & Extras/Resources/Fonts & Materials/Oswald Bold SDF.asset using Guid(0161d805a3764c089bef00bfe00793f5) Importer(815301076,1909f56bfc062723c751e8b465ee728b) [PhysX] Initialized MultithreadedTaskDispatcher with 20 workers.
[PhysX] Initialized MultithreadedTaskDispatcher with 20 workers.
[PhysX] Initialized MultithreadedTaskDispatcher with 20 workers.
 -> (artifact id: '6181fa9a3c2305f2722f7b31c863397d') in 0.129051 seconds
Number of updated asset objects reloaded before import = 0
Number of asset objects unloaded after import = 6
========================================================================
Received Import Request.
  Time since last request: 1918.829043 seconds.
  path: Assets/Sprites/Setting.png
  artifactKey: Guid(f108aea0fe50734488dded049675ec6e) Importer(815301076,1909f56bfc062723c751e8b465ee728b)
Start importing Assets/Sprites/Setting.png using Guid(f108aea0fe50734488dded049675ec6e) Importer(815301076,1909f56bfc062723c751e8b465ee728b) [PhysX] Initialized MultithreadedTaskDispatcher with 20 workers.
[PhysX] Initialized MultithreadedTaskDispatcher with 20 workers.
 -> (artifact id: '16637aec2f91e7ead2b770d57e892c35') in 0.081858 seconds
Number of updated asset objects reloaded before import = 0
Number of asset objects unloaded after import = 3
========================================================================
Received Import Request.
  Time since last request: 1050.058950 seconds.
  path: Assets/Sprites/Sound.png
  artifactKey: Guid(46ea309d39fbf8d46b035bc10c7ca83e) Importer(815301076,1909f56bfc062723c751e8b465ee728b)
Start importing Assets/Sprites/Sound.png using Guid(46ea309d39fbf8d46b035bc10c7ca83e) Importer(815301076,1909f56bfc062723c751e8b465ee728b) [PhysX] Initialized MultithreadedTaskDispatcher with 20 workers.
[PhysX] Initialized MultithreadedTaskDispatcher with 20 workers.
 -> (artifact id: '3b747e83859440403232bedd1c30b822') in 0.088045 seconds
Number of updated asset objects reloaded before import = 0
Number of asset objects unloaded after import = 3
========================================================================
Received Import Request.
  Time since last request: 146.495799 seconds.
  path: Assets/Sprites/Sound_On.png
  artifactKey: Guid(f449f7f701ac3c94b94f021af9e2bb78) Importer(815301076,1909f56bfc062723c751e8b465ee728b)
Start importing Assets/Sprites/Sound_On.png using Guid(f449f7f701ac3c94b94f021af9e2bb78) Importer(815301076,1909f56bfc062723c751e8b465ee728b) [PhysX] Initialized MultithreadedTaskDispatcher with 20 workers.
[PhysX] Initialized MultithreadedTaskDispatcher with 20 workers.
 -> (artifact id: 'ed8ee89f10d2e118acf94582c0577b68') in 0.051110 seconds
Number of updated asset objects reloaded before import = 0
Number of asset objects unloaded after import = 3
========================================================================
Received Import Request.
  Time since last request: 2035.115181 seconds.
  path: Assets/25 Rpg Game Tracks/Action 2 (Loop).wav
  artifactKey: Guid(3f9d2a49059160546818cd858b1adc43) Importer(815301076,1909f56bfc062723c751e8b465ee728b)
Start importing Assets/25 Rpg Game Tracks/Action 2 (Loop).wav using Guid(3f9d2a49059160546818cd858b1adc43) Importer(815301076,1909f56bfc062723c751e8b465ee728b) [PhysX] Initialized MultithreadedTaskDispatcher with 20 workers.
[PhysX] Initialized MultithreadedTaskDispatcher with 20 workers.
 -> (artifact id: '954a1c481131e495b088a67e7e48115b') in 0.488365 seconds
Number of updated asset objects reloaded before import = 0
Number of asset objects unloaded after import = 2
========================================================================
Received Import Request.
  Time since last request: 0.000027 seconds.
  path: Assets/25 Rpg Game Tracks/Ambient 3.wav
  artifactKey: Guid(c6c5cd0ee2d7db447be3ac0e13978c23) Importer(815301076,1909f56bfc062723c751e8b465ee728b)
Start importing Assets/25 Rpg Game Tracks/Ambient 3.wav using Guid(c6c5cd0ee2d7db447be3ac0e13978c23) Importer(815301076,1909f56bfc062723c751e8b465ee728b) [PhysX] Initialized MultithreadedTaskDispatcher with 20 workers.
[PhysX] Initialized MultithreadedTaskDispatcher with 20 workers.
 -> (artifact id: '744818297b05c356c80a45868bfedb1c') in 0.677029 seconds
Number of updated asset objects reloaded before import = 0
Number of asset objects unloaded after import = 2
========================================================================
Received Import Request.
  Time since last request: 0.000030 seconds.
  path: Assets/25 Rpg Game Tracks/Ambient 10 .wav
  artifactKey: Guid(0f9afe08b776e4544bd5f09c23eccfe8) Importer(815301076,1909f56bfc062723c751e8b465ee728b)
Start importing Assets/25 Rpg Game Tracks/Ambient 10 .wav using Guid(0f9afe08b776e4544bd5f09c23eccfe8) Importer(815301076,1909f56bfc062723c751e8b465ee728b) [PhysX] Initialized MultithreadedTaskDispatcher with 20 workers.
[PhysX] Initialized MultithreadedTaskDispatcher with 20 workers.
 -> (artifact id: 'bb055aee21c0c36ca75df6c7c4ea05ed') in 0.624498 seconds
Number of updated asset objects reloaded before import = 0
Number of asset objects unloaded after import = 2
========================================================================
Received Import Request.
  Time since last request: 0.002786 seconds.
  path: Assets/25 Rpg Game Tracks/Night Ambient 1.wav
  artifactKey: Guid(fb273957e7edc6a4fb4bc7a4449bd241) Importer(815301076,1909f56bfc062723c751e8b465ee728b)
Start importing Assets/25 Rpg Game Tracks/Night Ambient 1.wav using Guid(fb273957e7edc6a4fb4bc7a4449bd241) Importer(815301076,1909f56bfc062723c751e8b465ee728b) [PhysX] Initialized MultithreadedTaskDispatcher with 20 workers.
[PhysX] Initialized MultithreadedTaskDispatcher with 20 workers.
 -> (artifact id: '65d2201fd4a6b69f9d144a5dbf37c868') in 0.715166 seconds
Number of updated asset objects reloaded before import = 0
Number of asset objects unloaded after import = 2
========================================================================
Received Import Request.
  Time since last request: 0.000027 seconds.
  path: Assets/25 Rpg Game Tracks/Light Ambient 1 (Loop).wav
  artifactKey: Guid(2fb2b5c48f49da74eb9d076b874fc160) Importer(815301076,1909f56bfc062723c751e8b465ee728b)
Start importing Assets/25 Rpg Game Tracks/Light Ambient 1 (Loop).wav using Guid(2fb2b5c48f49da74eb9d076b874fc160) Importer(815301076,1909f56bfc062723c751e8b465ee728b) [PhysX] Initialized MultithreadedTaskDispatcher with 20 workers.
[PhysX] Initialized MultithreadedTaskDispatcher with 20 workers.
 -> (artifact id: 'fa94f67ccd573b6de031658c4e2fb330') in 0.383567 seconds
Number of updated asset objects reloaded before import = 0
Number of asset objects unloaded after import = 2
========================================================================
Received Import Request.
  Time since last request: 0.000040 seconds.
  path: Assets/25 Rpg Game Tracks/Ambient 1.wav
  artifactKey: Guid(3aa8f1d7601a19d4c88dcaaa262c2e06) Importer(815301076,1909f56bfc062723c751e8b465ee728b)
Start importing Assets/25 Rpg Game Tracks/Ambient 1.wav using Guid(3aa8f1d7601a19d4c88dcaaa262c2e06) Importer(815301076,1909f56bfc062723c751e8b465ee728b) [PhysX] Initialized MultithreadedTaskDispatcher with 20 workers.
[PhysX] Initialized MultithreadedTaskDispatcher with 20 workers.
 -> (artifact id: '990ac436a52b4c00f3dd04e9806a6908') in 0.735037 seconds
Number of updated asset objects reloaded before import = 0
Number of asset objects unloaded after import = 2
========================================================================
Received Import Request.
  Time since last request: 0.000020 seconds.
  path: Assets/25 Rpg Game Tracks/Strange.wav
  artifactKey: Guid(fe3018dbfd00f04429fa5b0feab4ac61) Importer(815301076,1909f56bfc062723c751e8b465ee728b)
Start importing Assets/25 Rpg Game Tracks/Strange.wav using Guid(fe3018dbfd00f04429fa5b0feab4ac61) Importer(815301076,1909f56bfc062723c751e8b465ee728b) [PhysX] Initialized MultithreadedTaskDispatcher with 20 workers.
[PhysX] Initialized MultithreadedTaskDispatcher with 20 workers.
 -> (artifact id: '61be2aae8f9af9c124d45867a8e0f3b4') in 0.030796 seconds
Number of updated asset objects reloaded before import = 0
Number of asset objects unloaded after import = 2
========================================================================
Received Import Request.
  Time since last request: 0.000033 seconds.
  path: Assets/25 Rpg Game Tracks/Ambient 4.wav
  artifactKey: Guid(b82b0d87309722341a8926c780d9426d) Importer(815301076,1909f56bfc062723c751e8b465ee728b)
Start importing Assets/25 Rpg Game Tracks/Ambient 4.wav using Guid(b82b0d87309722341a8926c780d9426d) Importer(815301076,1909f56bfc062723c751e8b465ee728b) [PhysX] Initialized MultithreadedTaskDispatcher with 20 workers.
[PhysX] Initialized MultithreadedTaskDispatcher with 20 workers.
 -> (artifact id: 'f33c5ed4fe0beb17715916b70e7a8da1') in 0.787286 seconds
Number of updated asset objects reloaded before import = 0
Number of asset objects unloaded after import = 2
========================================================================
Received Import Request.
  Time since last request: 0.000030 seconds.
  path: Assets/25 Rpg Game Tracks/Night Ambient 4 (Loop).wav
  artifactKey: Guid(25003d8a689eefd41a89a886c4d9cc9a) Importer(815301076,1909f56bfc062723c751e8b465ee728b)
Start importing Assets/25 Rpg Game Tracks/Night Ambient 4 (Loop).wav using Guid(25003d8a689eefd41a89a886c4d9cc9a) Importer(815301076,1909f56bfc062723c751e8b465ee728b) [PhysX] Initialized MultithreadedTaskDispatcher with 20 workers.
[PhysX] Initialized MultithreadedTaskDispatcher with 20 workers.
 -> (artifact id: '48f7a334a68c96714c0bd895be0eb90d') in 0.515879 seconds
Number of updated asset objects reloaded before import = 0
Number of asset objects unloaded after import = 2
========================================================================
Received Import Request.
  Time since last request: 0.000029 seconds.
  path: Assets/25 Rpg Game Tracks/Ambient 2.wav
  artifactKey: Guid(40ac39dff6e2f354f81de00e760e72fd) Importer(815301076,1909f56bfc062723c751e8b465ee728b)
Start importing Assets/25 Rpg Game Tracks/Ambient 2.wav using Guid(40ac39dff6e2f354f81de00e760e72fd) Importer(815301076,1909f56bfc062723c751e8b465ee728b) [PhysX] Initialized MultithreadedTaskDispatcher with 20 workers.
[PhysX] Initialized MultithreadedTaskDispatcher with 20 workers.
 -> (artifact id: '3400c8e1a792917c8651c92fe28bfc15') in 0.932582 seconds
Number of updated asset objects reloaded before import = 0
Number of asset objects unloaded after import = 2
========================================================================
Received Import Request.
  Time since last request: 0.000034 seconds.
  path: Assets/25 Rpg Game Tracks/Death.wav
  artifactKey: Guid(35ce408210dfa9843ba14da86f8efb4e) Importer(815301076,1909f56bfc062723c751e8b465ee728b)
Start importing Assets/25 Rpg Game Tracks/Death.wav using Guid(35ce408210dfa9843ba14da86f8efb4e) Importer(815301076,1909f56bfc062723c751e8b465ee728b) [PhysX] Initialized MultithreadedTaskDispatcher with 20 workers.
[PhysX] Initialized MultithreadedTaskDispatcher with 20 workers.
 -> (artifact id: '9594cd34420db2ec1a9ee149a9502708') in 0.035837 seconds
Number of updated asset objects reloaded before import = 0
Number of asset objects unloaded after import = 2
========================================================================
Received Import Request.
  Time since last request: 0.000030 seconds.
  path: Assets/25 Rpg Game Tracks/Action 5 (Loop).wav
  artifactKey: Guid(826bb8ea4939f9340ba3d55e1120eb1f) Importer(815301076,1909f56bfc062723c751e8b465ee728b)
Start importing Assets/25 Rpg Game Tracks/Action 5 (Loop).wav using Guid(826bb8ea4939f9340ba3d55e1120eb1f) Importer(815301076,1909f56bfc062723c751e8b465ee728b) [PhysX] Initialized MultithreadedTaskDispatcher with 20 workers.
[PhysX] Initialized MultithreadedTaskDispatcher with 20 workers.
 -> (artifact id: '1c667ad662d524fa62ac0f0cbe703f26') in 0.394877 seconds
Number of updated asset objects reloaded before import = 0
Number of asset objects unloaded after import = 2
========================================================================
Received Import Request.
  Time since last request: 1341.823736 seconds.
  path: Assets/Free UI Click Sound Effects Pack/AUDIO/Crispy/SFX_UI_Click_Organic_Crispy_Generic_Select_1.wav
  artifactKey: Guid(ec831c2536d30374dbf768096ce241a9) Importer(815301076,1909f56bfc062723c751e8b465ee728b)
Start importing Assets/Free UI Click Sound Effects Pack/AUDIO/Crispy/SFX_UI_Click_Organic_Crispy_Generic_Select_1.wav using Guid(ec831c2536d30374dbf768096ce241a9) Importer(815301076,1909f56bfc062723c751e8b465ee728b) [PhysX] Initialized MultithreadedTaskDispatcher with 20 workers.
[PhysX] Initialized MultithreadedTaskDispatcher with 20 workers.
 -> (artifact id: '5339f6e2de110d152e79f506b5d052d3') in 0.049651 seconds
Number of updated asset objects reloaded before import = 0
Number of asset objects unloaded after import = 2
========================================================================
Received Import Request.
  Time since last request: 0.000643 seconds.
  path: Assets/Free UI Click Sound Effects Pack/AUDIO/Crispy/SFX_UI_Click_Organic_Crispy_Negative_Error_1.wav
  artifactKey: Guid(446bb872cb0e3044bbf59c0a0a0a4adb) Importer(815301076,1909f56bfc062723c751e8b465ee728b)
Start importing Assets/Free UI Click Sound Effects Pack/AUDIO/Crispy/SFX_UI_Click_Organic_Crispy_Negative_Error_1.wav using Guid(446bb872cb0e3044bbf59c0a0a0a4adb) Importer(815301076,1909f56bfc062723c751e8b465ee728b) [PhysX] Initialized MultithreadedTaskDispatcher with 20 workers.
[PhysX] Initialized MultithreadedTaskDispatcher with 20 workers.
 -> (artifact id: 'f0fb0fc9b42175547200133c5cdf2c44') in 0.038037 seconds
Number of updated asset objects reloaded before import = 0
Number of asset objects unloaded after import = 2
========================================================================
Received Import Request.
  Time since last request: 0.000234 seconds.
  path: Assets/Free UI Click Sound Effects Pack/AUDIO/Crispy/SFX_UI_Click_Organic_Crispy_Plastic_Thin_Negative_1.wav
  artifactKey: Guid(bdb08458eee8f714d87101d84fb4b99b) Importer(815301076,1909f56bfc062723c751e8b465ee728b)
Start importing Assets/Free UI Click Sound Effects Pack/AUDIO/Crispy/SFX_UI_Click_Organic_Crispy_Plastic_Thin_Negative_1.wav using Guid(bdb08458eee8f714d87101d84fb4b99b) Importer(815301076,1909f56bfc062723c751e8b465ee728b) [PhysX] Initialized MultithreadedTaskDispatcher with 20 workers.
[PhysX] Initialized MultithreadedTaskDispatcher with 20 workers.
 -> (artifact id: 'c486f2c385e8ac6287036803d3adcc35') in 0.030694 seconds
Number of updated asset objects reloaded before import = 0
Number of asset objects unloaded after import = 2
========================================================================
Received Import Request.
  Time since last request: 38.262801 seconds.
  path: Assets/Free UI Click Sound Effects Pack/AUDIO/Liquid/SFX_UI_Click_Designed_Liquid_Generic_Open_1.wav
  artifactKey: Guid(c6600c5491e54a044b5fa6d406a6e20b) Importer(815301076,1909f56bfc062723c751e8b465ee728b)
Start importing Assets/Free UI Click Sound Effects Pack/AUDIO/Liquid/SFX_UI_Click_Designed_Liquid_Generic_Open_1.wav using Guid(c6600c5491e54a044b5fa6d406a6e20b) Importer(815301076,1909f56bfc062723c751e8b465ee728b) [PhysX] Initialized MultithreadedTaskDispatcher with 20 workers.
[PhysX] Initialized MultithreadedTaskDispatcher with 20 workers.
 -> (artifact id: '09d477c553b3c1c93ff96ff5b54ad0eb') in 0.038041 seconds
Number of updated asset objects reloaded before import = 0
Number of asset objects unloaded after import = 2
========================================================================
Received Import Request.
  Time since last request: 0.000319 seconds.
  path: Assets/Free UI Click Sound Effects Pack/AUDIO/Liquid/SFX_UI_Click_Designed_Liquid_Negative_Close_1.wav
  artifactKey: Guid(fcf77559b4c484b4bb499c9a95c32e21) Importer(815301076,1909f56bfc062723c751e8b465ee728b)
Start importing Assets/Free UI Click Sound Effects Pack/AUDIO/Liquid/SFX_UI_Click_Designed_Liquid_Negative_Close_1.wav using Guid(fcf77559b4c484b4bb499c9a95c32e21) Importer(815301076,1909f56bfc062723c751e8b465ee728b) [PhysX] Initialized MultithreadedTaskDispatcher with 20 workers.
[PhysX] Initialized MultithreadedTaskDispatcher with 20 workers.
 -> (artifact id: 'a82cf717e7f97d20f4f8301248381c03') in 0.049961 seconds
Number of updated asset objects reloaded before import = 0
Number of asset objects unloaded after import = 2
========================================================================
Received Import Request.
  Time since last request: 0.000019 seconds.
  path: Assets/Free UI Click Sound Effects Pack/AUDIO/Liquid/SFX_UI_Click_Designed_Liquid_Thick_Generic_2.wav
  artifactKey: Guid(7e5745afffbcd0e4aaa8fce19523a3d2) Importer(815301076,1909f56bfc062723c751e8b465ee728b)
Start importing Assets/Free UI Click Sound Effects Pack/AUDIO/Liquid/SFX_UI_Click_Designed_Liquid_Thick_Generic_2.wav using Guid(7e5745afffbcd0e4aaa8fce19523a3d2) Importer(815301076,1909f56bfc062723c751e8b465ee728b) [PhysX] Initialized MultithreadedTaskDispatcher with 20 workers.
[PhysX] Initialized MultithreadedTaskDispatcher with 20 workers.
 -> (artifact id: 'd587a100ae640729afe1657e36afcbb3') in 0.033410 seconds
Number of updated asset objects reloaded before import = 0
Number of asset objects unloaded after import = 2
========================================================================
Received Import Request.
  Time since last request: 0.000029 seconds.
  path: Assets/Free UI Click Sound Effects Pack/AUDIO/Liquid/SFX_UI_Click_Designed_Liquid_Thick_Generic_1.wav
  artifactKey: Guid(b2d5d7e57895b2745b155d240ed5a5a5) Importer(815301076,1909f56bfc062723c751e8b465ee728b)
Start importing Assets/Free UI Click Sound Effects Pack/AUDIO/Liquid/SFX_UI_Click_Designed_Liquid_Thick_Generic_1.wav using Guid(b2d5d7e57895b2745b155d240ed5a5a5) Importer(815301076,1909f56bfc062723c751e8b465ee728b) [PhysX] Initialized MultithreadedTaskDispatcher with 20 workers.
[PhysX] Initialized MultithreadedTaskDispatcher with 20 workers.
 -> (artifact id: '187d1448d0903402755836dc1a6aaaf6') in 0.051043 seconds
Number of updated asset objects reloaded before import = 0
Number of asset objects unloaded after import = 2
========================================================================
Received Import Request.
  Time since last request: 0.000019 seconds.
  path: Assets/Free UI Click Sound Effects Pack/AUDIO/Liquid/SFX_UI_Click_Organic_Liquid_Wooden_1.wav
  artifactKey: Guid(b7cd703bfb101f4489fce92b8bbf68e1) Importer(815301076,1909f56bfc062723c751e8b465ee728b)
Start importing Assets/Free UI Click Sound Effects Pack/AUDIO/Liquid/SFX_UI_Click_Organic_Liquid_Wooden_1.wav using Guid(b7cd703bfb101f4489fce92b8bbf68e1) Importer(815301076,1909f56bfc062723c751e8b465ee728b) [PhysX] Initialized MultithreadedTaskDispatcher with 20 workers.
[PhysX] Initialized MultithreadedTaskDispatcher with 20 workers.
 -> (artifact id: '11d02ff8ba6970cbdcaf847830940a14') in 0.036694 seconds
Number of updated asset objects reloaded before import = 0
Number of asset objects unloaded after import = 2
========================================================================
Received Import Request.
  Time since last request: 39.824109 seconds.
  path: Assets/Free UI Click Sound Effects Pack/AUDIO/Metallic/SFX_UI_Click_Organic_Metallic_Plastic_Select_1.wav
  artifactKey: Guid(6c96f17621974ab469d71b6645c210ae) Importer(815301076,1909f56bfc062723c751e8b465ee728b)
Start importing Assets/Free UI Click Sound Effects Pack/AUDIO/Metallic/SFX_UI_Click_Organic_Metallic_Plastic_Select_1.wav using Guid(6c96f17621974ab469d71b6645c210ae) Importer(815301076,1909f56bfc062723c751e8b465ee728b) [PhysX] Initialized MultithreadedTaskDispatcher with 20 workers.
[PhysX] Initialized MultithreadedTaskDispatcher with 20 workers.
 -> (artifact id: '478f861311ed97ec4f948920c6844967') in 0.057003 seconds
Number of updated asset objects reloaded before import = 0
Number of asset objects unloaded after import = 2
Editor requested this worker to shutdown with reason: Scaling down because of idle timeout
TcpMessagingSession - receive error: operation aborted. errorcode: 995, details: The I/O operation has been aborted because of either a thread exit or an application request.
AssetImportWorker is now disconnected from the server
Process exiting
Exiting without the bug reporter. Application will terminate with return code 0